Initialized native services in: /Users/jessica/.gradle/native
Initialized jansi services in: /Users/jessica/.gradle/native
Received JVM installation metadata from '/usr/local/Cellar/openjdk@21/21.0.8/libexec/openjdk.jdk/Contents/Home': {JAVA_HOME=/usr/local/Cellar/openjdk@21/21.0.8/libexec/openjdk.jdk/Contents/Home, JAVA_VERSION=21.0.8, JAVA_VENDOR=Homebrew, RUNTIME_NAME=OpenJDK Runtime Environment, RUNTIME_VERSION=21.0.8, VM_NAME=OpenJDK 64-Bit Server VM, VM_VERSION=21.0.8, VM_VENDOR=Homebrew, OS_ARCH=x86_64}
Found daemon DaemonInfo{pid=2550, address=[30c02210-9663-4a16-a445-4bda782f3a6b port:54164, addresses:[/127.0.0.1]], state=Idle, lastBusy=1760465207241, context=DefaultDaemonContext[uid=6c2930a1-bf5e-4bea-b1bb-c11f882c3d18,javaHome=/Users/jessica/Library/Java/JavaVirtualMachines/ms-21.0.8/Contents/Home,javaVersion=21,javaVendor=Microsoft,daemonRegistryDir=/Users/jessica/.gradle/daemon,pid=2550,idleTimeout=10800000,priority=NORMAL,applyInstrumentationAgent=true,nativeServicesMode=ENABLED,daemonOpts=--add-opens=java.base/java.util=ALL-UNNAMED,--add-opens=java.base/java.lang=ALL-UNNAMED,--add-opens=java.base/java.lang.invoke=ALL-UNNAMED,--add-opens=java.prefs/java.util.prefs=ALL-UNNAMED,--add-exports=jdk.compiler/com.sun.tools.javac.api=ALL-UNNAMED,--add-exports=jdk.compiler/com.sun.tools.javac.util=ALL-UNNAMED,--add-opens=java.base/java.nio.charset=ALL-UNNAMED,--add-opens=java.base/java.net=ALL-UNNAMED,--add-opens=java.base/java.util.concurrent.atomic=ALL-UNNAMED,-XX:MaxMetaspaceSize=384m,-XX:+HeapDumpOnOutOfMemoryError,-Xms256m,-Xmx512m,-Dfile.encoding=UTF-8,-Duser.country=ES,-Duser.language=es,-Duser.variant]} however its context does not match the desired criteria.
JVM is incompatible.
Wanted: DaemonRequestContext{jvmCriteria=/usr/local/Cellar/openjdk@21/21.0.8/libexec/openjdk.jdk/Contents/Home (no JDK specified, using current Java home), daemonOpts=[--add-opens=java.base/java.util=ALL-UNNAMED, --add-opens=java.base/java.lang=ALL-UNNAMED, --add-opens=java.base/java.lang.invoke=ALL-UNNAMED, --add-opens=java.prefs/java.util.prefs=ALL-UNNAMED, --add-exports=jdk.compiler/com.sun.tools.javac.api=ALL-UNNAMED, --add-exports=jdk.compiler/com.sun.tools.javac.util=ALL-UNNAMED, --add-opens=java.base/java.nio.charset=ALL-UNNAMED, --add-opens=java.base/java.net=ALL-UNNAMED, --add-opens=java.base/java.util.concurrent.atomic=ALL-UNNAMED, -XX:MaxMetaspaceSize=384m, -XX:+HeapDumpOnOutOfMemoryError, -Xms256m, -Xmx512m, -Dfile.encoding=UTF-8, -Duser.country=ES, -Duser.language=es, -Duser.variant], applyInstrumentationAgent=true, nativeServicesMode=ENABLED, priority=NORMAL}
Actual: DefaultDaemonContext[uid=6c2930a1-bf5e-4bea-b1bb-c11f882c3d18,javaHome=/Users/jessica/Library/Java/JavaVirtualMachines/ms-21.0.8/Contents/Home,javaVersion=21,javaVendor=Microsoft,daemonRegistryDir=/Users/jessica/.gradle/daemon,pid=2550,idleTimeout=10800000,priority=NORMAL,applyInstrumentationAgent=true,nativeServicesMode=ENABLED,daemonOpts=--add-opens=java.base/java.util=ALL-UNNAMED,--add-opens=java.base/java.lang=ALL-UNNAMED,--add-opens=java.base/java.lang.invoke=ALL-UNNAMED,--add-opens=java.prefs/java.util.prefs=ALL-UNNAMED,--add-exports=jdk.compiler/com.sun.tools.javac.api=ALL-UNNAMED,--add-exports=jdk.compiler/com.sun.tools.javac.util=ALL-UNNAMED,--add-opens=java.base/java.nio.charset=ALL-UNNAMED,--add-opens=java.base/java.net=ALL-UNNAMED,--add-opens=java.base/java.util.concurrent.atomic=ALL-UNNAMED,-XX:MaxMetaspaceSize=384m,-XX:+HeapDumpOnOutOfMemoryError,-Xms256m,-Xmx512m,-Dfile.encoding=UTF-8,-Duser.country=ES,-Duser.language=es,-Duser.variant]

  Looking for a different daemon...
The client will now receive all logging from the daemon (pid: 62626). The daemon log file: /Users/jessica/.gradle/daemon/8.10/daemon-62626.out.log
Starting 9th build in daemon [uptime: 2 hrs 53 mins 56.913 secs, performance: 98%, GC rate: 0.00/s, heap usage: 0% of 512 MiB, non-heap usage: 25% of 384 MiB]
Using 12 worker leases.
Now considering [/Users/jessica/Desktop/TEA_DAW/api/tiradaus] as hierarchies to watch
Watching the file system is configured to be enabled if available
File system watching is active
Starting Build
Settings evaluated using settings file '/Users/jessica/Desktop/TEA_DAW/api/tiradaus/settings.gradle.kts'.
Projects loaded. Root project using build file '/Users/jessica/Desktop/TEA_DAW/api/tiradaus/build.gradle.kts'.
Included projects: [root project 'tiradaus', project ':adapters', project ':adapters_rest', project ':application', project ':common', project ':domain', project ':adapters:db']

> Configure project :
Evaluating root project 'tiradaus' using build file '/Users/jessica/Desktop/TEA_DAW/api/tiradaus/build.gradle.kts'.
Transforming spotless-plugin-gradle-6.25.0.jar (com.diffplug.spotless:spotless-plugin-gradle:6.25.0) with InstrumentationAnalysisTransform
Transforming spotless-lib-extra-2.45.0.jar (com.diffplug.spotless:spotless-lib-extra:2.45.0) with InstrumentationAnalysisTransform
Transforming solstice-1.7.5.jar (dev.equo.ide:solstice:1.7.5) with InstrumentationAnalysisTransform
Transforming okhttp-4.12.0.jar (com.squareup.okhttp3:okhttp:4.12.0) with InstrumentationAnalysisTransform
Transforming okio-jvm-3.6.0.jar (com.squareup.okio:okio-jvm:3.6.0) with InstrumentationAnalysisTransform
Transforming kotlin-stdlib-jdk8-1.9.10.jar (org.jetbrains.kotlin:kotlin-stdlib-jdk8:1.9.10) with InstrumentationAnalysisTransform
Transforming kotlin-stdlib-jdk7-1.9.10.jar (org.jetbrains.kotlin:kotlin-stdlib-jdk7:1.9.10) with InstrumentationAnalysisTransform
Transforming kotlin-stdlib-1.9.24.jar (org.jetbrains.kotlin:kotlin-stdlib:1.9.24) with InstrumentationAnalysisTransform
Transforming annotations-13.0.jar (org.jetbrains:annotations:13.0) with InstrumentationAnalysisTransform
Transforming spring-boot-gradle-plugin-3.3.3.jar (org.springframework.boot:spring-boot-gradle-plugin:3.3.3) with InstrumentationAnalysisTransform
Transforming dependency-management-plugin-1.1.6.jar (io.spring.gradle:dependency-management-plugin:1.1.6) with InstrumentationAnalysisTransform
Transforming spring-boot-buildpack-platform-3.3.3.jar (org.springframework.boot:spring-boot-buildpack-platform:3.3.3) with InstrumentationAnalysisTransform
Transforming spring-boot-loader-tools-3.3.3.jar (org.springframework.boot:spring-boot-loader-tools:3.3.3) with InstrumentationAnalysisTransform
Transforming commons-compress-1.25.0.jar (org.apache.commons:commons-compress:1.25.0) with InstrumentationAnalysisTransform
Transforming spring-core-6.1.12.jar (org.springframework:spring-core:6.1.12) with InstrumentationAnalysisTransform
Transforming durian-io-1.2.0.jar (com.diffplug.durian:durian-io:1.2.0) with InstrumentationAnalysisTransform
Transforming durian-collect-1.2.0.jar (com.diffplug.durian:durian-collect:1.2.0) with InstrumentationAnalysisTransform
Transforming durian-core-1.2.0.jar (com.diffplug.durian:durian-core:1.2.0) with InstrumentationAnalysisTransform
Transforming org.eclipse.jgit-6.7.0.202309050840-r.jar (org.eclipse.jgit:org.eclipse.jgit:6.7.0.202309050840-r) with InstrumentationAnalysisTransform
Transforming spotless-lib-2.45.0.jar (com.diffplug.spotless:spotless-lib:2.45.0) with InstrumentationAnalysisTransform
Transforming jackson-annotations-2.14.2.jar (com.fasterxml.jackson.core:jackson-annotations:2.14.2) with InstrumentationAnalysisTransform
Transforming jackson-core-2.14.2.jar (com.fasterxml.jackson.core:jackson-core:2.14.2) with InstrumentationAnalysisTransform
Transforming jackson-module-parameter-names-2.14.2.jar (com.fasterxml.jackson.module:jackson-module-parameter-names:2.14.2) with InstrumentationAnalysisTransform
Transforming jackson-databind-2.14.2.jar (com.fasterxml.jackson.core:jackson-databind:2.14.2) with InstrumentationAnalysisTransform
Transforming jna-platform-5.13.0.jar (net.java.dev.jna:jna-platform:5.13.0) with InstrumentationAnalysisTransform
Transforming httpclient5-5.3.1.jar (org.apache.httpcomponents.client5:httpclient5:5.3.1) with InstrumentationAnalysisTransform
Transforming tomlj-1.0.0.jar (org.tomlj:tomlj:1.0.0) with InstrumentationAnalysisTransform
Transforming spring-jcl-6.1.12.jar (org.springframework:spring-jcl:6.1.12) with InstrumentationAnalysisTransform
Transforming JavaEWAH-1.2.3.jar (com.googlecode.javaewah:JavaEWAH:1.2.3) with InstrumentationAnalysisTransform
Transforming slf4j-api-1.7.36.jar (org.slf4j:slf4j-api:1.7.36) with InstrumentationAnalysisTransform
Transforming commons-codec-1.16.0.jar (commons-codec:commons-codec:1.16.0) with InstrumentationAnalysisTransform
Transforming concurrent-trees-2.6.1.jar (com.googlecode.concurrent-trees:concurrent-trees:2.6.1) with InstrumentationAnalysisTransform
Transforming jna-5.13.0.jar (net.java.dev.jna:jna:5.13.0) with InstrumentationAnalysisTransform
Transforming httpcore5-h2-5.2.4.jar (org.apache.httpcomponents.core5:httpcore5-h2:5.2.4) with InstrumentationAnalysisTransform
Transforming httpcore5-5.2.4.jar (org.apache.httpcomponents.core5:httpcore5:5.2.4) with InstrumentationAnalysisTransform
Transforming antlr4-runtime-4.7.2.jar (org.antlr:antlr4-runtime:4.7.2) with InstrumentationAnalysisTransform
Transforming jsr305-3.0.2.jar (com.google.code.findbugs:jsr305:3.0.2) with InstrumentationAnalysisTransform
Transforming xz-1.9.jar (org.tukaani:xz:1.9) with InstrumentationAnalysisTransform
Transforming durian-swt.os-4.2.2.jar (com.diffplug.durian:durian-swt.os:4.2.2) with InstrumentationAnalysisTransform
Transforming org.eclipse.osgi-3.18.300.jar (org.eclipse.platform:org.eclipse.osgi:3.18.300) with InstrumentationAnalysisTransform
Transforming spotless-plugin-gradle-6.25.0.jar (com.diffplug.spotless:spotless-plugin-gradle:6.25.0) with InstrumentationAnalysisTransform
Transforming spotless-plugin-gradle-6.25.0.jar (com.diffplug.spotless:spotless-plugin-gradle:6.25.0) with MergeInstrumentationAnalysisTransform
Transforming spotless-lib-extra-2.45.0.jar (com.diffplug.spotless:spotless-lib-extra:2.45.0) with InstrumentationAnalysisTransform
Transforming spotless-lib-extra-2.45.0.jar (com.diffplug.spotless:spotless-lib-extra:2.45.0) with MergeInstrumentationAnalysisTransform
Transforming spotless-plugin-gradle-6.25.0.jar (com.diffplug.spotless:spotless-plugin-gradle:6.25.0) with ExternalDependencyInstrumentingArtifactTransform
Transforming solstice-1.7.5.jar (dev.equo.ide:solstice:1.7.5) with InstrumentationAnalysisTransform
Transforming solstice-1.7.5.jar (dev.equo.ide:solstice:1.7.5) with MergeInstrumentationAnalysisTransform
Transforming spotless-lib-extra-2.45.0.jar (com.diffplug.spotless:spotless-lib-extra:2.45.0) with ExternalDependencyInstrumentingArtifactTransform
Transforming okhttp-4.12.0.jar (com.squareup.okhttp3:okhttp:4.12.0) with InstrumentationAnalysisTransform
Transforming okhttp-4.12.0.jar (com.squareup.okhttp3:okhttp:4.12.0) with MergeInstrumentationAnalysisTransform
Transforming solstice-1.7.5.jar (dev.equo.ide:solstice:1.7.5) with ExternalDependencyInstrumentingArtifactTransform
Transforming okio-jvm-3.6.0.jar (com.squareup.okio:okio-jvm:3.6.0) with InstrumentationAnalysisTransform
Transforming okio-jvm-3.6.0.jar (com.squareup.okio:okio-jvm:3.6.0) with MergeInstrumentationAnalysisTransform
Transforming okhttp-4.12.0.jar (com.squareup.okhttp3:okhttp:4.12.0) with ExternalDependencyInstrumentingArtifactTransform
Transforming kotlin-stdlib-jdk8-1.9.10.jar (org.jetbrains.kotlin:kotlin-stdlib-jdk8:1.9.10) with InstrumentationAnalysisTransform
Transforming kotlin-stdlib-jdk8-1.9.10.jar (org.jetbrains.kotlin:kotlin-stdlib-jdk8:1.9.10) with MergeInstrumentationAnalysisTransform
Transforming okio-jvm-3.6.0.jar (com.squareup.okio:okio-jvm:3.6.0) with ExternalDependencyInstrumentingArtifactTransform
Transforming kotlin-stdlib-jdk7-1.9.10.jar (org.jetbrains.kotlin:kotlin-stdlib-jdk7:1.9.10) with InstrumentationAnalysisTransform
Transforming kotlin-stdlib-jdk7-1.9.10.jar (org.jetbrains.kotlin:kotlin-stdlib-jdk7:1.9.10) with MergeInstrumentationAnalysisTransform
Transforming kotlin-stdlib-jdk8-1.9.10.jar (org.jetbrains.kotlin:kotlin-stdlib-jdk8:1.9.10) with ExternalDependencyInstrumentingArtifactTransform
Transforming kotlin-stdlib-1.9.24.jar (org.jetbrains.kotlin:kotlin-stdlib:1.9.24) with InstrumentationAnalysisTransform
Transforming kotlin-stdlib-1.9.24.jar (org.jetbrains.kotlin:kotlin-stdlib:1.9.24) with MergeInstrumentationAnalysisTransform
Transforming kotlin-stdlib-jdk7-1.9.10.jar (org.jetbrains.kotlin:kotlin-stdlib-jdk7:1.9.10) with ExternalDependencyInstrumentingArtifactTransform
Transforming annotations-13.0.jar (org.jetbrains:annotations:13.0) with InstrumentationAnalysisTransform
Transforming annotations-13.0.jar (org.jetbrains:annotations:13.0) with MergeInstrumentationAnalysisTransform
Transforming kotlin-stdlib-1.9.24.jar (org.jetbrains.kotlin:kotlin-stdlib:1.9.24) with ExternalDependencyInstrumentingArtifactTransform
Transforming spring-boot-gradle-plugin-3.3.3.jar (org.springframework.boot:spring-boot-gradle-plugin:3.3.3) with InstrumentationAnalysisTransform
Transforming spring-boot-gradle-plugin-3.3.3.jar (org.springframework.boot:spring-boot-gradle-plugin:3.3.3) with MergeInstrumentationAnalysisTransform
Transforming annotations-13.0.jar (org.jetbrains:annotations:13.0) with ExternalDependencyInstrumentingArtifactTransform
Transforming dependency-management-plugin-1.1.6.jar (io.spring.gradle:dependency-management-plugin:1.1.6) with InstrumentationAnalysisTransform
Transforming dependency-management-plugin-1.1.6.jar (io.spring.gradle:dependency-management-plugin:1.1.6) with MergeInstrumentationAnalysisTransform
Transforming spring-boot-gradle-plugin-3.3.3.jar (org.springframework.boot:spring-boot-gradle-plugin:3.3.3) with ExternalDependencyInstrumentingArtifactTransform
Transforming spring-boot-buildpack-platform-3.3.3.jar (org.springframework.boot:spring-boot-buildpack-platform:3.3.3) with InstrumentationAnalysisTransform
Transforming spring-boot-buildpack-platform-3.3.3.jar (org.springframework.boot:spring-boot-buildpack-platform:3.3.3) with MergeInstrumentationAnalysisTransform
Transforming dependency-management-plugin-1.1.6.jar (io.spring.gradle:dependency-management-plugin:1.1.6) with ExternalDependencyInstrumentingArtifactTransform
Transforming spring-boot-loader-tools-3.3.3.jar (org.springframework.boot:spring-boot-loader-tools:3.3.3) with InstrumentationAnalysisTransform
Transforming spring-boot-loader-tools-3.3.3.jar (org.springframework.boot:spring-boot-loader-tools:3.3.3) with MergeInstrumentationAnalysisTransform
Transforming spring-boot-buildpack-platform-3.3.3.jar (org.springframework.boot:spring-boot-buildpack-platform:3.3.3) with ExternalDependencyInstrumentingArtifactTransform
Transforming commons-compress-1.25.0.jar (org.apache.commons:commons-compress:1.25.0) with InstrumentationAnalysisTransform
Transforming commons-compress-1.25.0.jar (org.apache.commons:commons-compress:1.25.0) with MergeInstrumentationAnalysisTransform
Transforming spring-boot-loader-tools-3.3.3.jar (org.springframework.boot:spring-boot-loader-tools:3.3.3) with ExternalDependencyInstrumentingArtifactTransform
Transforming spring-core-6.1.12.jar (org.springframework:spring-core:6.1.12) with InstrumentationAnalysisTransform
Transforming commons-compress-1.25.0.jar (org.apache.commons:commons-compress:1.25.0) with ExternalDependencyInstrumentingArtifactTransform
Transforming spring-core-6.1.12.jar (org.springframework:spring-core:6.1.12) with MergeInstrumentationAnalysisTransform
Transforming durian-io-1.2.0.jar (com.diffplug.durian:durian-io:1.2.0) with InstrumentationAnalysisTransform
Transforming durian-io-1.2.0.jar (com.diffplug.durian:durian-io:1.2.0) with MergeInstrumentationAnalysisTransform
Transforming spring-core-6.1.12.jar (org.springframework:spring-core:6.1.12) with ExternalDependencyInstrumentingArtifactTransform
Transforming durian-collect-1.2.0.jar (com.diffplug.durian:durian-collect:1.2.0) with InstrumentationAnalysisTransform
Transforming durian-collect-1.2.0.jar (com.diffplug.durian:durian-collect:1.2.0) with MergeInstrumentationAnalysisTransform
Transforming durian-io-1.2.0.jar (com.diffplug.durian:durian-io:1.2.0) with ExternalDependencyInstrumentingArtifactTransform
Transforming durian-core-1.2.0.jar (com.diffplug.durian:durian-core:1.2.0) with InstrumentationAnalysisTransform
Transforming durian-core-1.2.0.jar (com.diffplug.durian:durian-core:1.2.0) with MergeInstrumentationAnalysisTransform
Transforming org.eclipse.jgit-6.7.0.202309050840-r.jar (org.eclipse.jgit:org.eclipse.jgit:6.7.0.202309050840-r) with InstrumentationAnalysisTransform
Transforming durian-collect-1.2.0.jar (com.diffplug.durian:durian-collect:1.2.0) with ExternalDependencyInstrumentingArtifactTransform
Transforming org.eclipse.jgit-6.7.0.202309050840-r.jar (org.eclipse.jgit:org.eclipse.jgit:6.7.0.202309050840-r) with MergeInstrumentationAnalysisTransform
Transforming durian-core-1.2.0.jar (com.diffplug.durian:durian-core:1.2.0) with ExternalDependencyInstrumentingArtifactTransform
Transforming spotless-lib-2.45.0.jar (com.diffplug.spotless:spotless-lib:2.45.0) with InstrumentationAnalysisTransform
Transforming spotless-lib-2.45.0.jar (com.diffplug.spotless:spotless-lib:2.45.0) with MergeInstrumentationAnalysisTransform
Transforming org.eclipse.jgit-6.7.0.202309050840-r.jar (org.eclipse.jgit:org.eclipse.jgit:6.7.0.202309050840-r) with ExternalDependencyInstrumentingArtifactTransform
Transforming jackson-annotations-2.14.2.jar (com.fasterxml.jackson.core:jackson-annotations:2.14.2) with InstrumentationAnalysisTransform
Transforming jackson-annotations-2.14.2.jar (com.fasterxml.jackson.core:jackson-annotations:2.14.2) with MergeInstrumentationAnalysisTransform
Transforming spotless-lib-2.45.0.jar (com.diffplug.spotless:spotless-lib:2.45.0) with ExternalDependencyInstrumentingArtifactTransform
Transforming jackson-core-2.14.2.jar (com.fasterxml.jackson.core:jackson-core:2.14.2) with InstrumentationAnalysisTransform
Transforming jackson-core-2.14.2.jar (com.fasterxml.jackson.core:jackson-core:2.14.2) with MergeInstrumentationAnalysisTransform
Transforming jackson-annotations-2.14.2.jar (com.fasterxml.jackson.core:jackson-annotations:2.14.2) with ExternalDependencyInstrumentingArtifactTransform
Transforming jackson-module-parameter-names-2.14.2.jar (com.fasterxml.jackson.module:jackson-module-parameter-names:2.14.2) with InstrumentationAnalysisTransform
Transforming jackson-module-parameter-names-2.14.2.jar (com.fasterxml.jackson.module:jackson-module-parameter-names:2.14.2) with MergeInstrumentationAnalysisTransform
Transforming jackson-core-2.14.2.jar (com.fasterxml.jackson.core:jackson-core:2.14.2) with ExternalDependencyInstrumentingArtifactTransform
Transforming jackson-databind-2.14.2.jar (com.fasterxml.jackson.core:jackson-databind:2.14.2) with InstrumentationAnalysisTransform
Transforming jackson-module-parameter-names-2.14.2.jar (com.fasterxml.jackson.module:jackson-module-parameter-names:2.14.2) with ExternalDependencyInstrumentingArtifactTransform
Transforming jackson-databind-2.14.2.jar (com.fasterxml.jackson.core:jackson-databind:2.14.2) with MergeInstrumentationAnalysisTransform
Transforming jna-platform-5.13.0.jar (net.java.dev.jna:jna-platform:5.13.0) with InstrumentationAnalysisTransform
Transforming jna-platform-5.13.0.jar (net.java.dev.jna:jna-platform:5.13.0) with MergeInstrumentationAnalysisTransform
Transforming jackson-databind-2.14.2.jar (com.fasterxml.jackson.core:jackson-databind:2.14.2) with ExternalDependencyInstrumentingArtifactTransform
Transforming httpclient5-5.3.1.jar (org.apache.httpcomponents.client5:httpclient5:5.3.1) with InstrumentationAnalysisTransform
Transforming jna-platform-5.13.0.jar (net.java.dev.jna:jna-platform:5.13.0) with ExternalDependencyInstrumentingArtifactTransform
Transforming httpclient5-5.3.1.jar (org.apache.httpcomponents.client5:httpclient5:5.3.1) with MergeInstrumentationAnalysisTransform
Transforming tomlj-1.0.0.jar (org.tomlj:tomlj:1.0.0) with InstrumentationAnalysisTransform
Transforming tomlj-1.0.0.jar (org.tomlj:tomlj:1.0.0) with MergeInstrumentationAnalysisTransform
Transforming spring-jcl-6.1.12.jar (org.springframework:spring-jcl:6.1.12) with InstrumentationAnalysisTransform
Transforming httpclient5-5.3.1.jar (org.apache.httpcomponents.client5:httpclient5:5.3.1) with ExternalDependencyInstrumentingArtifactTransform
Transforming spring-jcl-6.1.12.jar (org.springframework:spring-jcl:6.1.12) with MergeInstrumentationAnalysisTransform
Transforming tomlj-1.0.0.jar (org.tomlj:tomlj:1.0.0) with ExternalDependencyInstrumentingArtifactTransform
Transforming JavaEWAH-1.2.3.jar (com.googlecode.javaewah:JavaEWAH:1.2.3) with InstrumentationAnalysisTransform
Transforming JavaEWAH-1.2.3.jar (com.googlecode.javaewah:JavaEWAH:1.2.3) with MergeInstrumentationAnalysisTransform
Transforming spring-jcl-6.1.12.jar (org.springframework:spring-jcl:6.1.12) with ExternalDependencyInstrumentingArtifactTransform
Transforming slf4j-api-1.7.36.jar (org.slf4j:slf4j-api:1.7.36) with InstrumentationAnalysisTransform
Transforming JavaEWAH-1.2.3.jar (com.googlecode.javaewah:JavaEWAH:1.2.3) with ExternalDependencyInstrumentingArtifactTransform
Transforming slf4j-api-1.7.36.jar (org.slf4j:slf4j-api:1.7.36) with MergeInstrumentationAnalysisTransform
Transforming commons-codec-1.16.0.jar (commons-codec:commons-codec:1.16.0) with InstrumentationAnalysisTransform
Transforming commons-codec-1.16.0.jar (commons-codec:commons-codec:1.16.0) with MergeInstrumentationAnalysisTransform
Transforming slf4j-api-1.7.36.jar (org.slf4j:slf4j-api:1.7.36) with ExternalDependencyInstrumentingArtifactTransform
Transforming concurrent-trees-2.6.1.jar (com.googlecode.concurrent-trees:concurrent-trees:2.6.1) with InstrumentationAnalysisTransform
Transforming concurrent-trees-2.6.1.jar (com.googlecode.concurrent-trees:concurrent-trees:2.6.1) with MergeInstrumentationAnalysisTransform
Transforming commons-codec-1.16.0.jar (commons-codec:commons-codec:1.16.0) with ExternalDependencyInstrumentingArtifactTransform
Transforming jna-5.13.0.jar (net.java.dev.jna:jna:5.13.0) with InstrumentationAnalysisTransform
Transforming jna-5.13.0.jar (net.java.dev.jna:jna:5.13.0) with MergeInstrumentationAnalysisTransform
Transforming concurrent-trees-2.6.1.jar (com.googlecode.concurrent-trees:concurrent-trees:2.6.1) with ExternalDependencyInstrumentingArtifactTransform
Transforming httpcore5-h2-5.2.4.jar (org.apache.httpcomponents.core5:httpcore5-h2:5.2.4) with InstrumentationAnalysisTransform
Transforming httpcore5-h2-5.2.4.jar (org.apache.httpcomponents.core5:httpcore5-h2:5.2.4) with MergeInstrumentationAnalysisTransform
Transforming jna-5.13.0.jar (net.java.dev.jna:jna:5.13.0) with ExternalDependencyInstrumentingArtifactTransform
Transforming httpcore5-5.2.4.jar (org.apache.httpcomponents.core5:httpcore5:5.2.4) with InstrumentationAnalysisTransform
Transforming httpcore5-5.2.4.jar (org.apache.httpcomponents.core5:httpcore5:5.2.4) with MergeInstrumentationAnalysisTransform
Transforming httpcore5-h2-5.2.4.jar (org.apache.httpcomponents.core5:httpcore5-h2:5.2.4) with ExternalDependencyInstrumentingArtifactTransform
Transforming antlr4-runtime-4.7.2.jar (org.antlr:antlr4-runtime:4.7.2) with InstrumentationAnalysisTransform
Transforming antlr4-runtime-4.7.2.jar (org.antlr:antlr4-runtime:4.7.2) with MergeInstrumentationAnalysisTransform
Transforming httpcore5-5.2.4.jar (org.apache.httpcomponents.core5:httpcore5:5.2.4) with ExternalDependencyInstrumentingArtifactTransform
Transforming jsr305-3.0.2.jar (com.google.code.findbugs:jsr305:3.0.2) with InstrumentationAnalysisTransform
Transforming jsr305-3.0.2.jar (com.google.code.findbugs:jsr305:3.0.2) with MergeInstrumentationAnalysisTransform
Transforming antlr4-runtime-4.7.2.jar (org.antlr:antlr4-runtime:4.7.2) with ExternalDependencyInstrumentingArtifactTransform
Transforming xz-1.9.jar (org.tukaani:xz:1.9) with InstrumentationAnalysisTransform
Transforming xz-1.9.jar (org.tukaani:xz:1.9) with MergeInstrumentationAnalysisTransform
Transforming jsr305-3.0.2.jar (com.google.code.findbugs:jsr305:3.0.2) with ExternalDependencyInstrumentingArtifactTransform
Transforming durian-swt.os-4.2.2.jar (com.diffplug.durian:durian-swt.os:4.2.2) with InstrumentationAnalysisTransform
Transforming durian-swt.os-4.2.2.jar (com.diffplug.durian:durian-swt.os:4.2.2) with MergeInstrumentationAnalysisTransform
Transforming xz-1.9.jar (org.tukaani:xz:1.9) with ExternalDependencyInstrumentingArtifactTransform
Transforming org.eclipse.osgi-3.18.300.jar (org.eclipse.platform:org.eclipse.osgi:3.18.300) with InstrumentationAnalysisTransform
Transforming org.eclipse.osgi-3.18.300.jar (org.eclipse.platform:org.eclipse.osgi:3.18.300) with MergeInstrumentationAnalysisTransform
Transforming durian-swt.os-4.2.2.jar (com.diffplug.durian:durian-swt.os:4.2.2) with ExternalDependencyInstrumentingArtifactTransform
Transforming org.eclipse.osgi-3.18.300.jar (org.eclipse.platform:org.eclipse.osgi:3.18.300) with ExternalDependencyInstrumentingArtifactTransform
Applying dependency management to configuration 'annotationProcessor' in project 'tiradaus'
Applying dependency management to configuration 'apiElements' in project 'tiradaus'
Applying dependency management to configuration 'archives' in project 'tiradaus'
Applying dependency management to configuration 'bootArchives' in project 'tiradaus'
Applying dependency management to configuration 'compileClasspath' in project 'tiradaus'
Applying dependency management to configuration 'compileOnly' in project 'tiradaus'
Applying dependency management to configuration 'default' in project 'tiradaus'
Applying dependency management to configuration 'developmentOnly' in project 'tiradaus'
Applying dependency management to configuration 'implementation' in project 'tiradaus'
Applying dependency management to configuration 'mainSourceElements' in project 'tiradaus'
Applying dependency management to configuration 'productionRuntimeClasspath' in project 'tiradaus'
Applying dependency management to configuration 'runtimeClasspath' in project 'tiradaus'
Applying dependency management to configuration 'runtimeElements' in project 'tiradaus'
Applying dependency management to configuration 'runtimeOnly' in project 'tiradaus'
Applying dependency management to configuration 'testAndDevelopmentOnly' in project 'tiradaus'
Applying dependency management to configuration 'testAnnotationProcessor' in project 'tiradaus'
Applying dependency management to configuration 'testCompileClasspath' in project 'tiradaus'
Applying dependency management to configuration 'testCompileOnly' in project 'tiradaus'
Applying dependency management to configuration 'testImplementation' in project 'tiradaus'
Applying dependency management to configuration 'testResultsElementsForTest' in project 'tiradaus'
Applying dependency management to configuration 'testRuntimeClasspath' in project 'tiradaus'
Applying dependency management to configuration 'testRuntimeOnly' in project 'tiradaus'
Applying dependency management to configuration 'jacocoAgent' in project 'tiradaus'
Applying dependency management to configuration 'jacocoAnt' in project 'tiradaus'
Applying dependency management to configuration 'coverageDataElementsForTest' in project 'tiradaus'

> Configure project :adapters
Evaluating project ':adapters' using build file '/Users/jessica/Desktop/TEA_DAW/api/tiradaus/adapters/build.gradle'.

> Configure project :adapters_rest
Evaluating project ':adapters_rest' using build file '/Users/jessica/Desktop/TEA_DAW/api/tiradaus/adapters_rest/build.gradle'.

> Configure project :application
Evaluating project ':application' using build file '/Users/jessica/Desktop/TEA_DAW/api/tiradaus/application/build.gradle'.

> Configure project :common
Evaluating project ':common' using build file '/Users/jessica/Desktop/TEA_DAW/api/tiradaus/common/build.gradle'.

> Configure project :domain
Evaluating project ':domain' using build file '/Users/jessica/Desktop/TEA_DAW/api/tiradaus/domain/build.gradle'.

> Configure project :adapters:db
Evaluating project ':adapters:db' using build file '/Users/jessica/Desktop/TEA_DAW/api/tiradaus/adapters/db/build.gradle'.
All projects evaluated.
Task name matched 'clean'
Task name matched 'bootRun'
Selected primary task 'clean' from project :
Selected primary task 'bootRun' from project :
Starting process 'command '/usr/libexec/java_home''. Working directory: /Users/jessica/.gradle/daemon/8.10 Command: /usr/libexec/java_home -V
Successfully started process 'command '/usr/libexec/java_home''
Resolving global dependency management for project 'tiradaus'
Resource missing. [HTTP GET: https://repo.maven.apache.org/maven2/org/tiradau/1.0-SNAPSHOT-detachedConfiguration1/1.0-SNAPSHOT/maven-metadata.xml]
Resource missing. [HTTP GET: https://repo.maven.apache.org/maven2/org/tiradau/1.0-SNAPSHOT-detachedConfiguration1/1.0-SNAPSHOT/1.0-SNAPSHOT-detachedConfiguration1-1.0-SNAPSHOT.pom]
Excluding []
Resource missing. [HTTP GET: https://repo.maven.apache.org/maven2/org/tiradau/1.0-SNAPSHOT-detachedConfiguration107/1.0-SNAPSHOT/maven-metadata.xml]
Resource missing. [HTTP GET: https://repo.maven.apache.org/maven2/org/tiradau/1.0-SNAPSHOT-detachedConfiguration107/1.0-SNAPSHOT/1.0-SNAPSHOT-detachedConfiguration107-1.0-SNAPSHOT.pom]
Excluding []
Resource missing. [HTTP GET: https://repo.maven.apache.org/maven2/org/tiradau/1.0-SNAPSHOT-detachedConfiguration109/1.0-SNAPSHOT/maven-metadata.xml]
Resource missing. [HTTP GET: https://repo.maven.apache.org/maven2/org/tiradau/1.0-SNAPSHOT-detachedConfiguration109/1.0-SNAPSHOT/1.0-SNAPSHOT-detachedConfiguration109-1.0-SNAPSHOT.pom]
Excluding []
Resource missing. [HTTP GET: https://repo.maven.apache.org/maven2/org/tiradau/1.0-SNAPSHOT-detachedConfiguration111/1.0-SNAPSHOT/maven-metadata.xml]
Resource missing. [HTTP GET: https://repo.maven.apache.org/maven2/org/tiradau/1.0-SNAPSHOT-detachedConfiguration111/1.0-SNAPSHOT/1.0-SNAPSHOT-detachedConfiguration111-1.0-SNAPSHOT.pom]
Excluding []
Resource missing. [HTTP GET: https://repo.maven.apache.org/maven2/org/tiradau/1.0-SNAPSHOT-detachedConfiguration113/1.0-SNAPSHOT/maven-metadata.xml]
Resource missing. [HTTP GET: https://repo.maven.apache.org/maven2/org/tiradau/1.0-SNAPSHOT-detachedConfiguration113/1.0-SNAPSHOT/1.0-SNAPSHOT-detachedConfiguration113-1.0-SNAPSHOT.pom]
Excluding []
Tasks to be executed: [task ':clean', task ':compileJava', task ':processResources', task ':classes', task ':resolveMainClassName', task ':bootRun']
Tasks that were excluded: []
Resolve mutations for :clean (Thread[#1469,Execution worker,5,main]) started.
:clean (Thread[#1473,Execution worker Thread 5,5,main]) started.
destroyer locations for task group 0 (Thread[#1474,Execution worker Thread 6,5,main]) started.

> Task :clean
Caching disabled for task ':clean' because:
  Build cache is disabled
Task ':clean' is not up-to-date because:
  Task has not declared any outputs despite executing actions.
Resolve mutations for :compileJava (Thread[#1473,Execution worker Thread 5,5,main]) started.
:compileJava (Thread[#1473,Execution worker Thread 5,5,main]) started.

> Task :compileJava
Custom actions are attached to task ':compileJava'.
Caching disabled for task ':compileJava' because:
  Build cache is disabled
Task ':compileJava' is not up-to-date because:
  Output property 'destinationDirectory' file /Users/jessica/Desktop/TEA_DAW/api/tiradaus/build/classes/java/main has been removed.
  Output property 'destinationDirectory' file /Users/jessica/Desktop/TEA_DAW/api/tiradaus/build/classes/java/main/org has been removed.
  Output property 'destinationDirectory' file /Users/jessica/Desktop/TEA_DAW/api/tiradaus/build/classes/java/main/org/tiradaus has been removed.
  and more...
  and more...
  and more...
  and more...
  and more...
  and more...
The input changes require a full rebuild for incremental task ':compileJava'.
Compilation mode: in-process compilation
Full recompilation is required because no incremental change information is available. This is usually caused by clean builds or changing compiler arguments.
Compiling with toolchain '/usr/local/Cellar/openjdk@21/21.0.8/libexec/openjdk.jdk/Contents/Home'.
Compiling with JDK Java compiler API.
Class dependency analysis for incremental compilation took 0.003 secs.
Created classpath snapshot for incremental compilation in 0.018 secs.
Resolve mutations for :processResources (Thread[#1473,Execution worker Thread 5,5,main]) started.
:processResources (Thread[#1473,Execution worker Thread 5,5,main]) started.

> Task :processResources
Caching disabled for task ':processResources' because:
  Build cache is disabled
  Not worth caching
Task ':processResources' is not up-to-date because:
  Output property 'destinationDir' file /Users/jessica/Desktop/TEA_DAW/api/tiradaus/build/resources/main has been removed.
  Output property 'destinationDir' file /Users/jessica/Desktop/TEA_DAW/api/tiradaus/build/resources/main/application.yaml has been removed.
Resolve mutations for :classes (Thread[#1473,Execution worker Thread 5,5,main]) started.
:classes (Thread[#1473,Execution worker Thread 5,5,main]) started.

> Task :classes
Skipping task ':classes' as it has no actions.
Resolve mutations for :resolveMainClassName (Thread[#1473,Execution worker Thread 5,5,main]) started.
:resolveMainClassName (Thread[#1473,Execution worker Thread 5,5,main]) started.

> Task :resolveMainClassName
Caching disabled for task ':resolveMainClassName' because:
  Build cache is disabled
  Not worth caching
Task ':resolveMainClassName' is not up-to-date because:
  Output property 'outputFile' file /Users/jessica/Desktop/TEA_DAW/api/tiradaus/build/resolvedMainClassName has been removed.
Resolve mutations for :bootRun (Thread[#1473,Execution worker Thread 5,5,main]) started.
:bootRun (Thread[#1473,Execution worker Thread 5,5,main]) started.

> Task :bootRun
Caching disabled for task ':bootRun' because:
  Build cache is disabled
Task ':bootRun' is not up-to-date because:
  Task has not declared any outputs despite executing actions.
Starting process 'command '/usr/local/Cellar/openjdk@21/21.0.8/libexec/openjdk.jdk/Contents/Home/bin/java''. Working directory: /Users/jessica/Desktop/TEA_DAW/api/tiradaus Command: /usr/local/Cellar/openjdk@21/21.0.8/libexec/openjdk.jdk/Contents/Home/bin/java -XX:TieredStopAtLevel=1 -Dfile.encoding=UTF-8 -Duser.country=ES -Duser.language=es -Duser.variant -cp /Users/jessica/Desktop/TEA_DAW/api/tiradaus/build/classes/java/main:/Users/jessica/Desktop/TEA_DAW/api/tiradaus/build/resources/main:/Users/jessica/.gradle/caches/modules-2/files-2.1/io.jsonwebtoken/jjwt-impl/0.11.5/40a599f0e8a8e4e0701596fbb15e67bfda64fdf0/jjwt-impl-0.11.5.jar:/Users/jessica/.gradle/caches/modules-2/files-2.1/io.jsonwebtoken/jjwt-jackson/0.11.5/3b83a06809e98a69402d7333dcf67df6f6ea4579/jjwt-jackson-0.11.5.jar:/Users/jessica/.gradle/caches/modules-2/files-2.1/io.jsonwebtoken/jjwt-api/0.11.5/f742940045619d06383e7df37b21ac422b476cf1/jjwt-api-0.11.5.jar:/Users/jessica/.gradle/caches/modules-2/files-2.1/org.mapstruct/mapstruct/1.6.2/5f4840bb324a33267cc25ee5152b5f483a068b47/mapstruct-1.6.2.jar:/Users/jessica/.gradle/caches/modules-2/files-2.1/org.postgresql/postgresql/42.7.3/24f3e9f7231428cd20eb4dde00dd3fce44e05464/postgresql-42.7.3.jar:/Users/jessica/.gradle/caches/modules-2/files-2.1/com.h2database/h2/2.2.224/7bdade27d8cd197d9b5ce9dc251f41d2edc5f7ad/h2-2.2.224.jar:/Users/jessica/.gradle/caches/modules-2/files-2.1/org.springframework/spring-webmvc/6.1.12/86bb0c203d68adb4b2675765f5a372f4c5254b2d/spring-webmvc-6.1.12.jar:/Users/jessica/.gradle/caches/modules-2/files-2.1/org.springframework.security/spring-security-web/6.3.3/54455b90899cd803e92b020124e859a859f63ee0/spring-security-web-6.3.3.jar:/Users/jessica/.gradle/caches/modules-2/files-2.1/org.springframework/spring-web/6.1.12/b60e69b3ec87f8e001537a0fa7e3e2732dfafa7e/spring-web-6.1.12.jar:/Users/jessica/.gradle/caches/modules-2/files-2.1/org.apache.tomcat.embed/tomcat-embed-el/10.1.28/3220f687c5ffc8650559f08ecac5b149838627b3/tomcat-embed-el-10.1.28.jar:/Users/jessica/.gradle/caches/modules-2/files-2.1/org.hibernate.validator/hibernate-validator/8.0.1.Final/e49e116b3d3928060599b176b3538bb848718e95/hibernate-validator-8.0.1.Final.jar:/Users/jessica/.gradle/caches/modules-2/files-2.1/org.hibernate.orm/hibernate-core/6.5.2.Final/e9e0cc47f6cd2b2553968aee66bd9e55e7485221/hibernate-core-6.5.2.Final.jar:/Users/jessica/.gradle/caches/modules-2/files-2.1/org.springframework.data/spring-data-jpa/3.3.3/9b89dbd19eee24c4dc4df12564efc603c614aa91/spring-data-jpa-3.3.3.jar:/Users/jessica/.gradle/caches/modules-2/files-2.1/org.springframework/spring-aspects/6.1.12/b72435b5813755a894531e2cf1565eff1b313574/spring-aspects-6.1.12.jar:/Users/jessica/.gradle/caches/modules-2/files-2.1/org.springframework.boot/spring-boot-actuator-autoconfigure/3.3.3/49c44f2ef968ee4cc5c3adee03ecbc55d64aaa93/spring-boot-actuator-autoconfigure-3.3.3.jar:/Users/jessica/.gradle/caches/modules-2/files-2.1/io.micrometer/micrometer-jakarta9/1.13.3/c976f1677936dfb710fffe5476ab3b1ef79f6d63/micrometer-jakarta9-1.13.3.jar:/Users/jessica/.gradle/caches/modules-2/files-2.1/org.springframework.security/spring-security-config/6.3.3/57b2c01e0a9e12b4418668ebc369e39b648e61bb/spring-security-config-6.3.3.jar:/Users/jessica/.gradle/caches/modules-2/files-2.1/org.springframework.boot/spring-boot-autoconfigure/3.3.3/4445f0bbf838c1e3aeb5a83bf2367fbd1013237f/spring-boot-autoconfigure-3.3.3.jar:/Users/jessica/.gradle/caches/modules-2/files-2.1/org.springframework.boot/spring-boot-actuator/3.3.3/cedbe2d79a7c1b9a3f3f38cd3626478f7c6e56e3/spring-boot-actuator-3.3.3.jar:/Users/jessica/.gradle/caches/modules-2/files-2.1/org.springframework.boot/spring-boot/3.3.3/f34dba93611823e521800a47043267715184911b/spring-boot-3.3.3.jar:/Users/jessica/.gradle/caches/modules-2/files-2.1/org.springframework.security/spring-security-core/6.3.3/2bf159e3db212d61408a2f728d6d7252dfaf4710/spring-security-core-6.3.3.jar:/Users/jessica/.gradle/caches/modules-2/files-2.1/org.springframework/spring-context/6.1.12/e69d476d1334935529a61f403749c6b8593e3272/spring-context-6.1.12.jar:/Users/jessica/.gradle/caches/modules-2/files-2.1/io.micrometer/micrometer-core/1.13.3/c3d676424063cea7a1825f57128bc9bf74672b3b/micrometer-core-1.13.3.jar:/Users/jessica/.gradle/caches/modules-2/files-2.1/io.micrometer/micrometer-observation/1.13.3/99840eb14ecf95d349f39123c867c2ca33808d/micrometer-observation-1.13.3.jar:/Users/jessica/.gradle/caches/modules-2/files-2.1/org.springframework/spring-aop/6.1.12/5fce5ff02455fad179fc0ea05435dfb79bbeaa66/spring-aop-6.1.12.jar:/Users/jessica/.gradle/caches/modules-2/files-2.1/org.checkerframework/checker-qual/3.42.0/638ec33f363a94d41a4f03c3e7d3dcfba64e402d/checker-qual-3.42.0.jar:/Users/jessica/.gradle/caches/modules-2/files-2.1/com.fasterxml.jackson.datatype/jackson-datatype-jsr310/2.17.2/267b85e9ba2892a37be6d80aa9ca1438a0d8c210/jackson-datatype-jsr310-2.17.2.jar:/Users/jessica/.gradle/caches/modules-2/files-2.1/com.fasterxml.jackson.module/jackson-module-parameter-names/2.17.2/d27b9f95ccce98984c1ba58d61c5a9c072b1ad95/jackson-module-parameter-names-2.17.2.jar:/Users/jessica/.gradle/caches/modules-2/files-2.1/com.fasterxml.jackson.core/jackson-annotations/2.17.2/147b7b9412ffff24339f8aba080b292448e08698/jackson-annotations-2.17.2.jar:/Users/jessica/.gradle/caches/modules-2/files-2.1/com.fasterxml.jackson.core/jackson-core/2.17.2/969a35cb35c86512acbadcdbbbfb044c877db814/jackson-core-2.17.2.jar:/Users/jessica/.gradle/caches/modules-2/files-2.1/com.fasterxml.jackson.datatype/jackson-datatype-jdk8/2.17.2/efd3dd0e1d0db8bc72abbe71c15e697bb83b4b45/jackson-datatype-jdk8-2.17.2.jar:/Users/jessica/.gradle/caches/modules-2/files-2.1/com.fasterxml.jackson.core/jackson-databind/2.17.2/e6deb029e5901e027c129341fac39e515066b68c/jackson-databind-2.17.2.jar:/Users/jessica/.gradle/caches/modules-2/files-2.1/jakarta.annotation/jakarta.annotation-api/2.1.1/48b9bda22b091b1f48b13af03fe36db3be6e1ae3/jakarta.annotation-api-2.1.1.jar:/Users/jessica/.gradle/caches/modules-2/files-2.1/org.springframework/spring-orm/6.1.12/9df98d9ebdfcf5359dbda945de515d8af2cabe89/spring-orm-6.1.12.jar:/Users/jessica/.gradle/caches/modules-2/files-2.1/org.springframework/spring-jdbc/6.1.12/feb177a07e109f633c3fb1892d22a2867d0b2284/spring-jdbc-6.1.12.jar:/Users/jessica/.gradle/caches/modules-2/files-2.1/org.springframework.data/spring-data-commons/3.3.3/89ab77494e1e56b058001354265e381a0a2868e6/spring-data-commons-3.3.3.jar:/Users/jessica/.gradle/caches/modules-2/files-2.1/org.springframework/spring-tx/6.1.12/c47885e494845584e08407b611031ea2bcef0ef7/spring-tx-6.1.12.jar:/Users/jessica/.gradle/caches/modules-2/files-2.1/org.springframework/spring-beans/6.1.12/f0344fa934f114a15f02c2b1a199189ec12b7eb5/spring-beans-6.1.12.jar:/Users/jessica/.gradle/caches/modules-2/files-2.1/org.springframework/spring-expression/6.1.12/644bbc2e65eb40feb7284b8570d7a7eb8b1fe8df/spring-expression-6.1.12.jar:/Users/jessica/.gradle/caches/modules-2/files-2.1/org.springframework/spring-core/6.1.12/5f4162fb645c4f72b57b21d721fce9f26edb9bb9/spring-core-6.1.12.jar:/Users/jessica/.gradle/caches/modules-2/files-2.1/org.yaml/snakeyaml/2.2/3af797a25458550a16bf89acc8e4ab2b7f2bfce0/snakeyaml-2.2.jar:/Users/jessica/.gradle/caches/modules-2/files-2.1/org.apache.tomcat.embed/tomcat-embed-websocket/10.1.28/1a5ee88106795215e8a7b6cfea46e57cdfc96430/tomcat-embed-websocket-10.1.28.jar:/Users/jessica/.gradle/caches/modules-2/files-2.1/org.apache.tomcat.embed/tomcat-embed-core/10.1.28/624f53789b7ba96bc3c8e871fb5eed4cab5a7c89/tomcat-embed-core-10.1.28.jar:/Users/jessica/.gradle/caches/modules-2/files-2.1/jakarta.validation/jakarta.validation-api/3.0.2/92b6631659ba35ca09e44874d3eb936edfeee532/jakarta.validation-api-3.0.2.jar:/Users/jessica/.gradle/caches/modules-2/files-2.1/org.jboss.logging/jboss-logging/3.5.3.Final/c88fc1d8a96d4c3491f55d4317458ccad53ca663/jboss-logging-3.5.3.Final.jar:/Users/jessica/.gradle/caches/modules-2/files-2.1/com.fasterxml/classmate/1.7.0/e98374da1f2143ac8e6e0a95036994bb19137a3/classmate-1.7.0.jar:/Users/jessica/.gradle/caches/modules-2/files-2.1/org.aspectj/aspectjweaver/1.9.22.1/bca243d0af0db4758fbae45c5f4995cb5dabb612/aspectjweaver-1.9.22.1.jar:/Users/jessica/.gradle/caches/modules-2/files-2.1/com.zaxxer/HikariCP/5.1.0/8c96e36c14461fc436bb02b264b96ef3ca5dca8c/HikariCP-5.1.0.jar:/Users/jessica/.gradle/caches/modules-2/files-2.1/jakarta.persistence/jakarta.persistence-api/3.1.0/66901fa1c373c6aff65c13791cc11da72060a8d6/jakarta.persistence-api-3.1.0.jar:/Users/jessica/.gradle/caches/modules-2/files-2.1/jakarta.transaction/jakarta.transaction-api/2.0.1/51a520e3fae406abb84e2e1148e6746ce3f80a1a/jakarta.transaction-api-2.0.1.jar:/Users/jessica/.gradle/caches/modules-2/files-2.1/org.hibernate.common/hibernate-commons-annotations/6.0.6.Final/77a5f94b56d49508e0ee334751db5b78e5ccd50c/hibernate-commons-annotations-6.0.6.Final.jar:/Users/jessica/.gradle/caches/modules-2/files-2.1/io.smallrye/jandex/3.1.2/a6c1c89925c7df06242b03dddb353116ceb9584c/jandex-3.1.2.jar:/Users/jessica/.gradle/caches/modules-2/files-2.1/net.bytebuddy/byte-buddy/1.14.19/4c0c637b8f47dc08f89240e6f59900011752c97b/byte-buddy-1.14.19.jar:/Users/jessica/.gradle/caches/modules-2/files-2.1/org.glassfish.jaxb/jaxb-runtime/4.0.5/ca84c2a7169b5293e232b9d00d1e4e36d4c3914a/jaxb-runtime-4.0.5.jar:/Users/jessica/.gradle/caches/modules-2/files-2.1/org.glassfish.jaxb/jaxb-core/4.0.5/7b4b11ea5542eea4ad55e1080b23be436795b3/jaxb-core-4.0.5.jar:/Users/jessica/.gradle/caches/modules-2/files-2.1/jakarta.xml.bind/jakarta.xml.bind-api/4.0.2/6cd5a999b834b63238005b7144136379dc36cad2/jakarta.xml.bind-api-4.0.2.jar:/Users/jessica/.gradle/caches/modules-2/files-2.1/jakarta.inject/jakarta.inject-api/2.0.1/4c28afe1991a941d7702fe1362c365f0a8641d1e/jakarta.inject-api-2.0.1.jar:/Users/jessica/.gradle/caches/modules-2/files-2.1/org.antlr/antlr4-runtime/4.13.0/5a02e48521624faaf5ff4d99afc88b01686af655/antlr4-runtime-4.13.0.jar:/Users/jessica/.gradle/caches/modules-2/files-2.1/ch.qos.logback/logback-classic/1.5.7/ad4ff8ca015737ade8e8a9de07de565c423e5b7a/logback-classic-1.5.7.jar:/Users/jessica/.gradle/caches/modules-2/files-2.1/org.apache.logging.log4j/log4j-to-slf4j/2.23.1/425ad1eb8a39904d2830e907a324e956fb456520/log4j-to-slf4j-2.23.1.jar:/Users/jessica/.gradle/caches/modules-2/files-2.1/org.slf4j/jul-to-slf4j/2.0.16/6d57da3e961daac65bcca0dd3def6cd11e48a24a/jul-to-slf4j-2.0.16.jar:/Users/jessica/.gradle/caches/modules-2/files-2.1/org.slf4j/slf4j-api/2.0.16/172931663a09a1fa515567af5fbef00897d3c04/slf4j-api-2.0.16.jar:/Users/jessica/.gradle/caches/modules-2/files-2.1/io.micrometer/micrometer-commons/1.13.3/47b6b093cd6ba80c9da8d973ea79c7ef69a878d5/micrometer-commons-1.13.3.jar:/Users/jessica/.gradle/caches/modules-2/files-2.1/org.springframework/spring-jcl/6.1.12/f46d6016fd1dd3801a0e6fcd64789ac468254944/spring-jcl-6.1.12.jar:/Users/jessica/.gradle/caches/modules-2/files-2.1/org.eclipse.angus/angus-activation/2.0.2/41f1e0ddd157c856926ed149ab837d110955a9fc/angus-activation-2.0.2.jar:/Users/jessica/.gradle/caches/modules-2/files-2.1/jakarta.activation/jakarta.activation-api/2.1.3/fa165bd70cda600368eee31555222776a46b881f/jakarta.activation-api-2.1.3.jar:/Users/jessica/.gradle/caches/modules-2/files-2.1/org.hdrhistogram/HdrHistogram/2.2.2/7959933ebcc0f05b2eaa5af0a0c8689fa257b15c/HdrHistogram-2.2.2.jar:/Users/jessica/.gradle/caches/modules-2/files-2.1/org.latencyutils/LatencyUtils/2.0.3/769c0b82cb2421c8256300e907298a9410a2a3d3/LatencyUtils-2.0.3.jar:/Users/jessica/.gradle/caches/modules-2/files-2.1/org.springframework.security/spring-security-crypto/6.3.3/a44e901cd1cfa1d6c20d30b69b83499e12e607a1/spring-security-crypto-6.3.3.jar:/Users/jessica/.gradle/caches/modules-2/files-2.1/ch.qos.logback/logback-core/1.5.7/ba0d0cbac3f21abd28faed3b4931d5b49cc5887e/logback-core-1.5.7.jar:/Users/jessica/.gradle/caches/modules-2/files-2.1/org.apache.logging.log4j/log4j-api/2.23.1/9c15c29c526d9c6783049c0a77722693c66706e1/log4j-api-2.23.1.jar:/Users/jessica/.gradle/caches/modules-2/files-2.1/org.glassfish.jaxb/txw2/4.0.5/f36a4ef12120a9bb06d766d6a0e54b144fd7ed98/txw2-4.0.5.jar:/Users/jessica/.gradle/caches/modules-2/files-2.1/com.sun.istack/istack-commons-runtime/4.1.2/18ec117c85f3ba0ac65409136afa8e42bc74e739/istack-commons-runtime-4.1.2.jar org.tiradaus.Main
Successfully started process 'command '/usr/local/Cellar/openjdk@21/21.0.8/libexec/openjdk.jdk/Contents/Home/bin/java''

  .   ____          _            __ _ _
 /\\ / ___'_ __ _ _(_)_ __  __ _ \ \ \ \
( ( )\___ | '_ | '_| | '_ \/ _` | \ \ \ \
 \\/  ___)| |_)| | | | | || (_| |  ) ) ) )
  '  |____| .__|_| |_|_| |_\__, | / / / /
 =========|_|==============|___/=/_/_/_/

 :: Spring Boot ::                (v3.3.3)

2025-10-14T20:18:29.140+02:00  INFO 4222 --- [           main] org.tiradaus.Main                        : Starting Main using Java 21.0.8 with PID 4222 (/Users/jessica/Desktop/TEA_DAW/api/tiradaus/build/classes/java/main started by jessica in /Users/jessica/Desktop/TEA_DAW/api/tiradaus)
2025-10-14T20:18:29.142+02:00  INFO 4222 --- [           main] org.tiradaus.Main                        : No active profile set, falling back to 1 default profile: "default"
2025-10-14T20:18:29.687+02:00  INFO 4222 --- [           main] .s.d.r.c.RepositoryConfigurationDelegate : Bootstrapping Spring Data JPA repositories in DEFAULT mode.
2025-10-14T20:18:29.730+02:00  INFO 4222 --- [           main] .s.d.r.c.RepositoryConfigurationDelegate : Finished Spring Data repository scanning in 38 ms. Found 2 JPA repository interfaces.
2025-10-14T20:18:30.244+02:00  INFO 4222 --- [           main] o.s.b.w.embedded.tomcat.TomcatWebServer  : Tomcat initialized with port 8080 (http)
2025-10-14T20:18:30.254+02:00  INFO 4222 --- [           main] o.apache.catalina.core.StandardService   : Starting service [Tomcat]
2025-10-14T20:18:30.255+02:00  INFO 4222 --- [           main] o.apache.catalina.core.StandardEngine    : Starting Servlet engine: [Apache Tomcat/10.1.28]
2025-10-14T20:18:30.307+02:00  INFO 4222 --- [           main] o.a.c.c.C.[Tomcat].[localhost].[/]       : Initializing Spring embedded WebApplicationContext
2025-10-14T20:18:30.308+02:00  INFO 4222 --- [           main] w.s.c.ServletWebServerApplicationContext : Root WebApplicationContext: initialization completed in 1135 ms
2025-10-14T20:18:30.521+02:00  INFO 4222 --- [           main] o.hibernate.jpa.internal.util.LogHelper  : HHH000204: Processing PersistenceUnitInfo [name: default]
2025-10-14T20:18:30.559+02:00  INFO 4222 --- [           main] org.hibernate.Version                    : HHH000412: Hibernate ORM core version 6.5.2.Final
2025-10-14T20:18:30.585+02:00  INFO 4222 --- [           main] o.h.c.internal.RegionFactoryInitiator    : HHH000026: Second-level cache disabled
2025-10-14T20:18:30.854+02:00  INFO 4222 --- [           main] o.s.o.j.p.SpringPersistenceUnitInfo      : No LoadTimeWeaver setup: ignoring JPA class transformer
2025-10-14T20:18:30.882+02:00  INFO 4222 --- [           main] com.zaxxer.hikari.HikariDataSource       : HikariPool-1 - Starting...
2025-10-14T20:18:31.066+02:00  INFO 4222 --- [           main] com.zaxxer.hikari.pool.HikariPool        : HikariPool-1 - Added connection conn0: url=jdbc:h2:mem:authdb user=ADMIN
2025-10-14T20:18:31.067+02:00  INFO 4222 --- [           main] com.zaxxer.hikari.HikariDataSource       : HikariPool-1 - Start completed.
2025-10-14T20:18:32.012+02:00  INFO 4222 --- [           main] o.h.e.t.j.p.i.JtaPlatformInitiator       : HHH000489: No JTA platform available (set 'hibernate.transaction.jta.platform' to enable JTA platform integration)
2025-10-14T20:18:32.080+02:00  INFO 4222 --- [           main] j.LocalContainerEntityManagerFactoryBean : Initialized JPA EntityManagerFactory for persistence unit 'default'
2025-10-14T20:18:32.447+02:00  WARN 4222 --- [           main] ConfigServletWebServerApplicationContext : Exception encountered during context initialization - cancelling refresh attempt: org.springframework.beans.factory.UnsatisfiedDependencyException: Error creating bean with name 'authController' defined in file [/Users/jessica/Desktop/TEA_DAW/api/tiradaus/build/classes/java/main/org/tiradaus/infrastructure/web/controller/AuthController.class]: Unsatisfied dependency expressed through constructor parameter 0: No qualifying bean of type 'org.tiradaus.domain.port.in.RegisterUserUseCase' available: expected at least 1 bean which qualifies as autowire candidate. Dependency annotations: {}
2025-10-14T20:18:32.448+02:00  INFO 4222 --- [           main] j.LocalContainerEntityManagerFactoryBean : Closing JPA EntityManagerFactory for persistence unit 'default'
2025-10-14T20:18:32.449+02:00  INFO 4222 --- [           main] com.zaxxer.hikari.HikariDataSource       : HikariPool-1 - Shutdown initiated...
2025-10-14T20:18:32.451+02:00  INFO 4222 --- [           main] com.zaxxer.hikari.HikariDataSource       : HikariPool-1 - Shutdown completed.
2025-10-14T20:18:32.452+02:00  INFO 4222 --- [           main] o.apache.catalina.core.StandardService   : Stopping service [Tomcat]
2025-10-14T20:18:32.465+02:00  INFO 4222 --- [           main] .s.b.a.l.ConditionEvaluationReportLogger : 

Error starting ApplicationContext. To display the condition evaluation report re-run your application with 'debug' enabled.
2025-10-14T20:18:32.493+02:00 ERROR 4222 --- [           main] o.s.b.d.LoggingFailureAnalysisReporter   : 

***************************
APPLICATION FAILED TO START
***************************

Description:

Parameter 0 of constructor in org.tiradaus.infrastructure.web.controller.AuthController required a bean of type 'org.tiradaus.domain.port.in.RegisterUserUseCase' that could not be found.


Action:

Consider defining a bean of type 'org.tiradaus.domain.port.in.RegisterUserUseCase' in your configuration.


> Task :bootRun FAILED

FAILURE: Build failed with an exception.

* What went wrong:
Execution failed for task ':bootRun'.
> Process 'command '/usr/local/Cellar/openjdk@21/21.0.8/libexec/openjdk.jdk/Contents/Home/bin/java'' finished with non-zero exit value 1

* Try:
> Run with --debug option to get more log output.
> Run with --scan to get full insights.
> Get more help at https://help.gradle.org.

* Exception is:
org.gradle.api.tasks.TaskExecutionException: Execution failed for task ':bootRun'.
	at org.gradle.api.internal.tasks.execution.ExecuteActionsTaskExecuter.lambda$executeIfValid$1(ExecuteActionsTaskExecuter.java:130)
	at org.gradle.internal.Try$Failure.ifSuccessfulOrElse(Try.java:293)
	at org.gradle.api.internal.tasks.execution.ExecuteActionsTaskExecuter.executeIfValid(ExecuteActionsTaskExecuter.java:128)
	at org.gradle.api.internal.tasks.execution.ExecuteActionsTaskExecuter.execute(ExecuteActionsTaskExecuter.java:116)
	at org.gradle.api.internal.tasks.execution.FinalizePropertiesTaskExecuter.execute(FinalizePropertiesTaskExecuter.java:46)
	at org.gradle.api.internal.tasks.execution.ResolveTaskExecutionModeExecuter.execute(ResolveTaskExecutionModeExecuter.java:51)
	at org.gradle.api.internal.tasks.execution.SkipTaskWithNoActionsExecuter.execute(SkipTaskWithNoActionsExecuter.java:57)
	at org.gradle.api.internal.tasks.execution.SkipOnlyIfTaskExecuter.execute(SkipOnlyIfTaskExecuter.java:74)
	at org.gradle.api.internal.tasks.execution.CatchExceptionTaskExecuter.execute(CatchExceptionTaskExecuter.java:36)
	at org.gradle.api.internal.tasks.execution.EventFiringTaskExecuter$1.executeTask(EventFiringTaskExecuter.java:77)
	at org.gradle.api.internal.tasks.execution.EventFiringTaskExecuter$1.call(EventFiringTaskExecuter.java:55)
	at org.gradle.api.internal.tasks.execution.EventFiringTaskExecuter$1.call(EventFiringTaskExecuter.java:52)
	at org.gradle.internal.operations.DefaultBuildOperationRunner$CallableBuildOperationWorker.execute(DefaultBuildOperationRunner.java:209)
	at org.gradle.internal.operations.DefaultBuildOperationRunner$CallableBuildOperationWorker.execute(DefaultBuildOperationRunner.java:204)
	at org.gradle.internal.operations.DefaultBuildOperationRunner$2.execute(DefaultBuildOperationRunner.java:66)
	at org.gradle.internal.operations.DefaultBuildOperationRunner$2.execute(DefaultBuildOperationRunner.java:59)
	at org.gradle.internal.operations.DefaultBuildOperationRunner.execute(DefaultBuildOperationRunner.java:166)
	at org.gradle.internal.operations.DefaultBuildOperationRunner.execute(DefaultBuildOperationRunner.java:59)
	at org.gradle.internal.operations.DefaultBuildOperationRunner.call(DefaultBuildOperationRunner.java:53)
	at org.gradle.api.internal.tasks.execution.EventFiringTaskExecuter.execute(EventFiringTaskExecuter.java:52)
	at org.gradle.execution.plan.LocalTaskNodeExecutor.execute(LocalTaskNodeExecutor.java:42)
	at org.gradle.execution.taskgraph.DefaultTaskExecutionGraph$InvokeNodeExecutorsAction.execute(DefaultTaskExecutionGraph.java:331)
	at org.gradle.execution.taskgraph.DefaultTaskExecutionGraph$InvokeNodeExecutorsAction.execute(DefaultTaskExecutionGraph.java:318)
	at org.gradle.execution.taskgraph.DefaultTaskExecutionGraph$BuildOperationAwareExecutionAction.lambda$execute$0(DefaultTaskExecutionGraph.java:314)
	at org.gradle.internal.operations.CurrentBuildOperationRef.with(CurrentBuildOperationRef.java:85)
	at org.gradle.execution.taskgraph.DefaultTaskExecutionGraph$BuildOperationAwareExecutionAction.execute(DefaultTaskExecutionGraph.java:314)
	at org.gradle.execution.taskgraph.DefaultTaskExecutionGraph$BuildOperationAwareExecutionAction.execute(DefaultTaskExecutionGraph.java:303)
	at org.gradle.execution.plan.DefaultPlanExecutor$ExecutorWorker.execute(DefaultPlanExecutor.java:459)
	at org.gradle.execution.plan.DefaultPlanExecutor$ExecutorWorker.run(DefaultPlanExecutor.java:376)
	at org.gradle.internal.concurrent.ExecutorPolicy$CatchAndRecordFailures.onExecute(ExecutorPolicy.java:64)
	at org.gradle.internal.concurrent.AbstractManagedExecutor$1.run(AbstractManagedExecutor.java:48)
Caused by: org.gradle.process.internal.ExecException: Process 'command '/usr/local/Cellar/openjdk@21/21.0.8/libexec/openjdk.jdk/Contents/Home/bin/java'' finished with non-zero exit value 1
	at org.gradle.process.internal.DefaultExecHandle$ExecResultImpl.assertNormalExitValue(DefaultExecHandle.java:442)
	at org.gradle.process.internal.DefaultJavaExecAction.execute(DefaultJavaExecAction.java:52)
	at org.gradle.api.tasks.JavaExec.exec(JavaExec.java:164)
	at org.springframework.boot.gradle.tasks.run.BootRun.exec(BootRun.java:75)
	at java.base/jdk.internal.reflect.DirectMethodHandleAccessor.invoke(DirectMethodHandleAccessor.java:103)
	at org.gradle.internal.reflect.JavaMethod.invoke(JavaMethod.java:125)
	at org.gradle.api.internal.project.taskfactory.StandardTaskAction.doExecute(StandardTaskAction.java:58)
	at org.gradle.api.internal.project.taskfactory.StandardTaskAction.execute(StandardTaskAction.java:51)
	at org.gradle.api.internal.project.taskfactory.StandardTaskAction.execute(StandardTaskAction.java:29)
	at org.gradle.api.internal.tasks.execution.TaskExecution$3.run(TaskExecution.java:244)
	at org.gradle.internal.operations.DefaultBuildOperationRunner$1.execute(DefaultBuildOperationRunner.java:29)
	at org.gradle.internal.operations.DefaultBuildOperationRunner$1.execute(DefaultBuildOperationRunner.java:26)
	at org.gradle.internal.operations.DefaultBuildOperationRunner$2.execute(DefaultBuildOperationRunner.java:66)
	at org.gradle.internal.operations.DefaultBuildOperationRunner$2.execute(DefaultBuildOperationRunner.java:59)
	at org.gradle.internal.operations.DefaultBuildOperationRunner.execute(DefaultBuildOperationRunner.java:166)
	at org.gradle.internal.operations.DefaultBuildOperationRunner.execute(DefaultBuildOperationRunner.java:59)
	at org.gradle.internal.operations.DefaultBuildOperationRunner.run(DefaultBuildOperationRunner.java:47)
	at org.gradle.api.internal.tasks.execution.TaskExecution.executeAction(TaskExecution.java:229)
	at org.gradle.api.internal.tasks.execution.TaskExecution.executeActions(TaskExecution.java:212)
	at org.gradle.api.internal.tasks.execution.TaskExecution.executeWithPreviousOutputFiles(TaskExecution.java:195)
	at org.gradle.api.internal.tasks.execution.TaskExecution.execute(TaskExecution.java:162)
	at org.gradle.internal.execution.steps.ExecuteStep.executeInternal(ExecuteStep.java:105)
	at org.gradle.internal.execution.steps.ExecuteStep.access$000(ExecuteStep.java:44)
	at org.gradle.internal.execution.steps.ExecuteStep$1.call(ExecuteStep.java:59)
	at org.gradle.internal.execution.steps.ExecuteStep$1.call(ExecuteStep.java:56)
	at org.gradle.internal.operations.DefaultBuildOperationRunner$CallableBuildOperationWorker.execute(DefaultBuildOperationRunner.java:209)
	at org.gradle.internal.operations.DefaultBuildOperationRunner$CallableBuildOperationWorker.execute(DefaultBuildOperationRunner.java:204)
	at org.gradle.internal.operations.DefaultBuildOperationRunner$2.execute(DefaultBuildOperationRunner.java:66)
	at org.gradle.internal.operations.DefaultBuildOperationRunner$2.execute(DefaultBuildOperationRunner.java:59)
	at org.gradle.internal.operations.DefaultBuildOperationRunner.execute(DefaultBuildOperationRunner.java:166)
	at org.gradle.internal.operations.DefaultBuildOperationRunner.execute(DefaultBuildOperationRunner.java:59)
	at org.gradle.internal.operations.DefaultBuildOperationRunner.call(DefaultBuildOperationRunner.java:53)
	at org.gradle.internal.execution.steps.ExecuteStep.execute(ExecuteStep.java:56)
	at org.gradle.internal.execution.steps.ExecuteStep.execute(ExecuteStep.java:44)
	at org.gradle.internal.execution.steps.CancelExecutionStep.execute(CancelExecutionStep.java:42)
	at org.gradle.internal.execution.steps.TimeoutStep.executeWithoutTimeout(TimeoutStep.java:75)
	at org.gradle.internal.execution.steps.TimeoutStep.execute(TimeoutStep.java:55)
	at org.gradle.internal.execution.steps.PreCreateOutputParentsStep.execute(PreCreateOutputParentsStep.java:50)
	at org.gradle.internal.execution.steps.PreCreateOutputParentsStep.execute(PreCreateOutputParentsStep.java:28)
	at org.gradle.internal.execution.steps.RemovePreviousOutputsStep.execute(RemovePreviousOutputsStep.java:67)
	at org.gradle.internal.execution.steps.RemovePreviousOutputsStep.execute(RemovePreviousOutputsStep.java:37)
	at org.gradle.internal.execution.steps.BroadcastChangingOutputsStep.execute(BroadcastChangingOutputsStep.java:61)
	at org.gradle.internal.execution.steps.BroadcastChangingOutputsStep.execute(BroadcastChangingOutputsStep.java:26)
	at org.gradle.internal.execution.steps.CaptureOutputsAfterExecutionStep.execute(CaptureOutputsAfterExecutionStep.java:69)
	at org.gradle.internal.execution.steps.CaptureOutputsAfterExecutionStep.execute(CaptureOutputsAfterExecutionStep.java:46)
	at org.gradle.internal.execution.steps.ResolveInputChangesStep.execute(ResolveInputChangesStep.java:40)
	at org.gradle.internal.execution.steps.ResolveInputChangesStep.execute(ResolveInputChangesStep.java:29)
	at org.gradle.internal.execution.steps.BuildCacheStep.executeWithoutCache(BuildCacheStep.java:189)
	at org.gradle.internal.execution.steps.BuildCacheStep.lambda$execute$1(BuildCacheStep.java:75)
	at org.gradle.internal.Either$Right.fold(Either.java:175)
	at org.gradle.internal.execution.caching.CachingState.fold(CachingState.java:62)
	at org.gradle.internal.execution.steps.BuildCacheStep.execute(BuildCacheStep.java:73)
	at org.gradle.internal.execution.steps.BuildCacheStep.execute(BuildCacheStep.java:48)
	at org.gradle.internal.execution.steps.StoreExecutionStateStep.execute(StoreExecutionStateStep.java:46)
	at org.gradle.internal.execution.steps.StoreExecutionStateStep.execute(StoreExecutionStateStep.java:35)
	at org.gradle.internal.execution.steps.SkipUpToDateStep.executeBecause(SkipUpToDateStep.java:75)
	at org.gradle.internal.execution.steps.SkipUpToDateStep.lambda$execute$2(SkipUpToDateStep.java:53)
	at org.gradle.internal.execution.steps.SkipUpToDateStep.execute(SkipUpToDateStep.java:53)
	at org.gradle.internal.execution.steps.SkipUpToDateStep.execute(SkipUpToDateStep.java:35)
	at org.gradle.internal.execution.steps.legacy.MarkSnapshottingInputsFinishedStep.execute(MarkSnapshottingInputsFinishedStep.java:37)
	at org.gradle.internal.execution.steps.legacy.MarkSnapshottingInputsFinishedStep.execute(MarkSnapshottingInputsFinishedStep.java:27)
	at org.gradle.internal.execution.steps.ResolveIncrementalCachingStateStep.executeDelegate(ResolveIncrementalCachingStateStep.java:49)
	at org.gradle.internal.execution.steps.ResolveIncrementalCachingStateStep.executeDelegate(ResolveIncrementalCachingStateStep.java:27)
	at org.gradle.internal.execution.steps.AbstractResolveCachingStateStep.execute(AbstractResolveCachingStateStep.java:71)
	at org.gradle.internal.execution.steps.AbstractResolveCachingStateStep.execute(AbstractResolveCachingStateStep.java:39)
	at org.gradle.internal.execution.steps.ResolveChangesStep.execute(ResolveChangesStep.java:65)
	at org.gradle.internal.execution.steps.ResolveChangesStep.execute(ResolveChangesStep.java:36)
	at org.gradle.internal.execution.steps.ValidateStep.execute(ValidateStep.java:107)
	at org.gradle.internal.execution.steps.ValidateStep.execute(ValidateStep.java:56)
	at org.gradle.internal.execution.steps.AbstractCaptureStateBeforeExecutionStep.execute(AbstractCaptureStateBeforeExecutionStep.java:64)
	at org.gradle.internal.execution.steps.AbstractCaptureStateBeforeExecutionStep.execute(AbstractCaptureStateBeforeExecutionStep.java:43)
	at org.gradle.internal.execution.steps.AbstractSkipEmptyWorkStep.executeWithNonEmptySources(AbstractSkipEmptyWorkStep.java:125)
	at org.gradle.internal.execution.steps.AbstractSkipEmptyWorkStep.execute(AbstractSkipEmptyWorkStep.java:56)
	at org.gradle.internal.execution.steps.AbstractSkipEmptyWorkStep.execute(AbstractSkipEmptyWorkStep.java:36)
	at org.gradle.internal.execution.steps.legacy.MarkSnapshottingInputsStartedStep.execute(MarkSnapshottingInputsStartedStep.java:38)
	at org.gradle.internal.execution.steps.LoadPreviousExecutionStateStep.execute(LoadPreviousExecutionStateStep.java:36)
	at org.gradle.internal.execution.steps.LoadPreviousExecutionStateStep.execute(LoadPreviousExecutionStateStep.java:23)
	at org.gradle.internal.execution.steps.HandleStaleOutputsStep.execute(HandleStaleOutputsStep.java:75)
	at org.gradle.internal.execution.steps.HandleStaleOutputsStep.execute(HandleStaleOutputsStep.java:41)
	at org.gradle.internal.execution.steps.AssignMutableWorkspaceStep.lambda$execute$0(AssignMutableWorkspaceStep.java:35)
	at org.gradle.api.internal.tasks.execution.TaskExecution$4.withWorkspace(TaskExecution.java:289)
	at org.gradle.internal.execution.steps.AssignMutableWorkspaceStep.execute(AssignMutableWorkspaceStep.java:31)
	at org.gradle.internal.execution.steps.AssignMutableWorkspaceStep.execute(AssignMutableWorkspaceStep.java:22)
	at org.gradle.internal.execution.steps.ChoosePipelineStep.execute(ChoosePipelineStep.java:40)
	at org.gradle.internal.execution.steps.ChoosePipelineStep.execute(ChoosePipelineStep.java:23)
	at org.gradle.internal.execution.steps.ExecuteWorkBuildOperationFiringStep.lambda$execute$2(ExecuteWorkBuildOperationFiringStep.java:67)
	at org.gradle.internal.execution.steps.ExecuteWorkBuildOperationFiringStep.execute(ExecuteWorkBuildOperationFiringStep.java:67)
	at org.gradle.internal.execution.steps.ExecuteWorkBuildOperationFiringStep.execute(ExecuteWorkBuildOperationFiringStep.java:39)
	at org.gradle.internal.execution.steps.IdentityCacheStep.execute(IdentityCacheStep.java:46)
	at org.gradle.internal.execution.steps.IdentityCacheStep.execute(IdentityCacheStep.java:34)
	at org.gradle.internal.execution.steps.IdentifyStep.execute(IdentifyStep.java:48)
	at org.gradle.internal.execution.steps.IdentifyStep.execute(IdentifyStep.java:35)
	at org.gradle.internal.execution.impl.DefaultExecutionEngine$1.execute(DefaultExecutionEngine.java:61)
	at org.gradle.api.internal.tasks.execution.ExecuteActionsTaskExecuter.executeIfValid(ExecuteActionsTaskExecuter.java:127)
	at org.gradle.api.internal.tasks.execution.ExecuteActionsTaskExecuter.execute(ExecuteActionsTaskExecuter.java:116)
	at org.gradle.api.internal.tasks.execution.FinalizePropertiesTaskExecuter.execute(FinalizePropertiesTaskExecuter.java:46)
	at org.gradle.api.internal.tasks.execution.ResolveTaskExecutionModeExecuter.execute(ResolveTaskExecutionModeExecuter.java:51)
	at org.gradle.api.internal.tasks.execution.SkipTaskWithNoActionsExecuter.execute(SkipTaskWithNoActionsExecuter.java:57)
	at org.gradle.api.internal.tasks.execution.SkipOnlyIfTaskExecuter.execute(SkipOnlyIfTaskExecuter.java:74)
	at org.gradle.api.internal.tasks.execution.CatchExceptionTaskExecuter.execute(CatchExceptionTaskExecuter.java:36)
	at org.gradle.api.internal.tasks.execution.EventFiringTaskExecuter$1.executeTask(EventFiringTaskExecuter.java:77)
	at org.gradle.api.internal.tasks.execution.EventFiringTaskExecuter$1.call(EventFiringTaskExecuter.java:55)
	at org.gradle.api.internal.tasks.execution.EventFiringTaskExecuter$1.call(EventFiringTaskExecuter.java:52)
	at org.gradle.internal.operations.DefaultBuildOperationRunner$CallableBuildOperationWorker.execute(DefaultBuildOperationRunner.java:209)
	at org.gradle.internal.operations.DefaultBuildOperationRunner$CallableBuildOperationWorker.execute(DefaultBuildOperationRunner.java:204)
	at org.gradle.internal.operations.DefaultBuildOperationRunner$2.execute(DefaultBuildOperationRunner.java:66)
	at org.gradle.internal.operations.DefaultBuildOperationRunner$2.execute(DefaultBuildOperationRunner.java:59)
	at org.gradle.internal.operations.DefaultBuildOperationRunner.execute(DefaultBuildOperationRunner.java:166)
	at org.gradle.internal.operations.DefaultBuildOperationRunner.execute(DefaultBuildOperationRunner.java:59)
	at org.gradle.internal.operations.DefaultBuildOperationRunner.call(DefaultBuildOperationRunner.java:53)
	at org.gradle.api.internal.tasks.execution.EventFiringTaskExecuter.execute(EventFiringTaskExecuter.java:52)
	at org.gradle.execution.plan.LocalTaskNodeExecutor.execute(LocalTaskNodeExecutor.java:42)
	at org.gradle.execution.taskgraph.DefaultTaskExecutionGraph$InvokeNodeExecutorsAction.execute(DefaultTaskExecutionGraph.java:331)
	at org.gradle.execution.taskgraph.DefaultTaskExecutionGraph$InvokeNodeExecutorsAction.execute(DefaultTaskExecutionGraph.java:318)
	at org.gradle.execution.taskgraph.DefaultTaskExecutionGraph$BuildOperationAwareExecutionAction.lambda$execute$0(DefaultTaskExecutionGraph.java:314)
	at org.gradle.internal.operations.CurrentBuildOperationRef.with(CurrentBuildOperationRef.java:85)
	at org.gradle.execution.taskgraph.DefaultTaskExecutionGraph$BuildOperationAwareExecutionAction.execute(DefaultTaskExecutionGraph.java:314)
	at org.gradle.execution.taskgraph.DefaultTaskExecutionGraph$BuildOperationAwareExecutionAction.execute(DefaultTaskExecutionGraph.java:303)
	at org.gradle.execution.plan.DefaultPlanExecutor$ExecutorWorker.execute(DefaultPlanExecutor.java:459)
	at org.gradle.execution.plan.DefaultPlanExecutor$ExecutorWorker.run(DefaultPlanExecutor.java:376)
	at org.gradle.internal.concurrent.ExecutorPolicy$CatchAndRecordFailures.onExecute(ExecutorPolicy.java:64)
	at org.gradle.internal.concurrent.AbstractManagedExecutor$1.run(AbstractManagedExecutor.java:48)


Deprecated Gradle features were used in this build, making it incompatible with Gradle 9.0.

You can use '--warning-mode all' to show the individual deprecation warnings and determine if they come from your own scripts or plugins.

For more on this, please refer to https://docs.gradle.org/8.10/userguide/command_line_interface.html#sec:command_line_warnings in the Gradle documentation.

BUILD FAILED in 6s
5 actionable tasks: 5 executed
Watched directory hierarchies: [/Users/jessica/Desktop/TEA_DAW/api/tiradaus]
